[2018-11-02 17:27:14] local.ERROR: InvalidArgumentException: Database (/database/linepig.sqlite) does not exist. in /var/www/html/vendor/laravel/framework/src/Illuminate/Database/Connectors/SQLiteConnector.php:34
Stack trace:
#0 /var/www/html/vendor/laravel/framework/src/Illuminate/Database/Connectors/ConnectionFactory.php(147): Illuminate\Database\Connectors\SQLiteConnector->connect(Array)
#1 [internal function]: Illuminate\Database\Connectors\ConnectionFactory->Illuminate\Database\Connectors\{closure}()
#2 /var/www/html/vendor/laravel/framework/src/Illuminate/Database/Connection.php(965): call_user_func(Object(Closure))
#3 /var/www/html/vendor/laravel/framework/src/Illuminate/Database/Connection.php(986): Illuminate\Database\Connection->getPdo()
#4 /var/www/html/vendor/laravel/framework/src/Illuminate/Database/Connection.php(423): Illuminate\Database\Connection->getReadPdo()
#5 /var/www/html/vendor/laravel/framework/src/Illuminate/Database/Connection.php(333): Illuminate\Database\Connection->getPdoForSelect(true)
#6 /var/www/html/vendor/laravel/framework/src/Illuminate/Database/Connection.php(763): Illuminate\Database\Connection->Illuminate\Database\{closure}(Object(Illuminate\Database\SQLiteConnection), 'select * from "...', Array)
#7 /var/www/html/vendor/laravel/framework/src/Illuminate/Database/Connection.php(726): Illuminate\Database\Connection->runQueryCallback('select * from "...', Array, Object(Closure))
#8 /var/www/html/vendor/laravel/framework/src/Illuminate/Database/Connection.php(351): Illuminate\Database\Connection->run('select * from "...', Array, Object(Closure))
#9 /var/www/html/vendor/laravel/framework/src/Illuminate/Database/Query/Builder.php(1648): Illuminate\Database\Connection->select('select * from "...', Array, true)
#10 /var/www/html/vendor/laravel/framework/src/Illuminate/Database/Query/Builder.php(1634): Illuminate\Database\Query\Builder->runSelect()
#11 /var/www/html/app/Multimedia.php(96): Illuminate\Database\Query\Builder->get()
#12 /var/www/html/app/Http/Controllers/HomeController.php(18): App\Multimedia->getRecords()
#13 [internal function]: App\Http\Controllers\HomeController->showHome()
#14 /var/www/html/vendor/laravel/framework/src/Illuminate/Routing/Controller.php(55): call_user_func_array(Array, Array)
#15 /var/www/html/vendor/laravel/framework/src/Illuminate/Routing/ControllerDispatcher.php(44): Illuminate\Routing\Controller->callAction('showHome', Array)
#16 /var/www/html/vendor/laravel/framework/src/Illuminate/Routing/Route.php(189): Illuminate\Routing\ControllerDispatcher->dispatch(Object(Illuminate\Routing\Route), Object(App\Http\Controllers\HomeController), 'showHome')
#17 /var/www/html/vendor/laravel/framework/src/Illuminate/Routing/Route.php(144): Illuminate\Routing\Route->runController()
#18 /var/www/html/vendor/laravel/framework/src/Illuminate/Routing/Router.php(653): Illuminate\Routing\Route->run(Object(Illuminate\Http\Request))
#19 /var/www/html/vendor/laravel/framework/src/Illuminate/Routing/Pipeline.php(53): Illuminate\Routing\Router->Illuminate\Routing\{closure}(Object(Illuminate\Http\Request))
#20 /var/www/html/app/Http/Middleware/HttpCaching.php(20): Illuminate\Routing\Pipeline->Illuminate\Routing\{closure}(Object(Illuminate\Http\Request))
#21 /var/www/html/vendor/laravel/framework/src/Illuminate/Pipeline/Pipeline.php(137): App\Http\Middleware\HttpCaching->handle(Object(Illuminate\Http\Request), Object(Closure))
#22 /var/www/html/vendor/laravel/framework/src/Illuminate/Routing/Pipeline.php(33): Illuminate\Pipeline\Pipeline->Illuminate\Pipeline\{closure}(Object(Illuminate\Http\Request))
#23 /var/www/html/vendor/laravel/framework/src/Illuminate/Pipeline/Pipeline.php(104): Illuminate\Routing\Pipeline->Illuminate\Routing\{closure}(Object(Illuminate\Http\Request))
#24 /var/www/html/vendor/laravel/framework/src/Illuminate/Routing/Router.php(655): Illuminate\Pipeline\Pipeline->then(Object(Closure))
#25 /var/www/html/vendor/laravel/framework/src/Illuminate/Routing/Router.php(629): Illuminate\Routing\Router->runRouteWithinStack(Object(Illuminate\Routing\Route), Object(Illuminate\Http\Request))
#26 /var/www/html/vendor/laravel/framework/src/Illuminate/Routing/Router.php(607): Illuminate\Routing\Router->dispatchToRoute(Object(Illuminate\Http\Request))
#27 /var/www/html/vendor/laravel/framework/src/Illuminate/Foundation/Http/Kernel.php(268): Illuminate\Routing\Router->dispatch(Object(Illuminate\Http\Request))
#28 /var/www/html/vendor/laravel/framework/src/Illuminate/Routing/Pipeline.php(53): Illuminate\Foundation\Http\Kernel->Illuminate\Foundation\Http\{closure}(Object(Illuminate\Http\Request))
#29 /var/www/html/vendor/laravel/framework/src/Illuminate/Foundation/Http/Middleware/CheckForMaintenanceMode.php(46): Illuminate\Routing\Pipeline->Illuminate\Routing\{closure}(Object(Illuminate\Http\Request))
#30 /var/www/html/vendor/laravel/framework/src/Illuminate/Pipeline/Pipeline.php(137): Illuminate\Foundation\Http\Middleware\CheckForMaintenanceMode->handle(Object(Illuminate\Http\Request), Object(Closure))
#31 /var/www/html/vendor/laravel/framework/src/Illuminate/Routing/Pipeline.php(33): Illuminate\Pipeline\Pipeline->Illuminate\Pipeline\{closure}(Object(Illuminate\Http\Request))
#32 /var/www/html/vendor/laravel/framework/src/Illuminate/Pipeline/Pipeline.php(104): Illuminate\Routing\Pipeline->Illuminate\Routing\{closure}(Object(Illuminate\Http\Request))
#33 /var/www/html/vendor/laravel/framework/src/Illuminate/Foundation/Http/Kernel.php(150): Illuminate\Pipeline\Pipeline->then(Object(Closure))
#34 /var/www/html/vendor/laravel/framework/src/Illuminate/Foundation/Http/Kernel.php(117): Illuminate\Foundation\Http\Kernel->sendRequestThroughRouter(Object(Illuminate\Http\Request))
#35 /var/www/html/public/index.php(53): Illuminate\Foundation\Http\Kernel->handle(Object(Illuminate\Http\Request))
#36 {main}

Next Illuminate\Database\QueryException: Database (/database/linepig.sqlite) does not exist. (SQL: select * from "search" order by "genus" asc, "species" asc) in /var/www/html/vendor/laravel/framework/src/Illuminate/Database/Connection.php:770
Stack trace:
#0 /var/www/html/vendor/laravel/framework/src/Illuminate/Database/Connection.php(726): Illuminate\Database\Connection->runQueryCallback('select * from "...', Array, Object(Closure))
#1 /var/www/html/vendor/laravel/framework/src/Illuminate/Database/Connection.php(351): Illuminate\Database\Connection->run('select * from "...', Array, Object(Closure))
#2 /var/www/html/vendor/laravel/framework/src/Illuminate/Database/Query/Builder.php(1648): Illuminate\Database\Connection->select('select * from "...', Array, true)
#3 /var/www/html/vendor/laravel/framework/src/Illuminate/Database/Query/Builder.php(1634): Illuminate\Database\Query\Builder->runSelect()
#4 /var/www/html/app/Multimedia.php(96): Illuminate\Database\Query\Builder->get()
#5 /var/www/html/app/Http/Controllers/HomeController.php(18): App\Multimedia->getRecords()
#6 [internal function]: App\Http\Controllers\HomeController->showHome()
#7 /var/www/html/vendor/laravel/framework/src/Illuminate/Routing/Controller.php(55): call_user_func_array(Array, Array)
#8 /var/www/html/vendor/laravel/framework/src/Illuminate/Routing/ControllerDispatcher.php(44): Illuminate\Routing\Controller->callAction('showHome', Array)
#9 /var/www/html/vendor/laravel/framework/src/Illuminate/Routing/Route.php(189): Illuminate\Routing\ControllerDispatcher->dispatch(Object(Illuminate\Routing\Route), Object(App\Http\Controllers\HomeController), 'showHome')
#10 /var/www/html/vendor/laravel/framework/src/Illuminate/Routing/Route.php(144): Illuminate\Routing\Route->runController()
#11 /var/www/html/vendor/laravel/framework/src/Illuminate/Routing/Router.php(653): Illuminate\Routing\Route->run(Object(Illuminate\Http\Request))
#12 /var/www/html/vendor/laravel/framework/src/Illuminate/Routing/Pipeline.php(53): Illuminate\Routing\Router->Illuminate\Routing\{closure}(Object(Illuminate\Http\Request))
#13 /var/www/html/app/Http/Middleware/HttpCaching.php(20): Illuminate\Routing\Pipeline->Illuminate\Routing\{closure}(Object(Illuminate\Http\Request))
#14 /var/www/html/vendor/laravel/framework/src/Illuminate/Pipeline/Pipeline.php(137): App\Http\Middleware\HttpCaching->handle(Object(Illuminate\Http\Request), Object(Closure))
#15 /var/www/html/vendor/laravel/framework/src/Illuminate/Routing/Pipeline.php(33): Illuminate\Pipeline\Pipeline->Illuminate\Pipeline\{closure}(Object(Illuminate\Http\Request))
#16 /var/www/html/vendor/laravel/framework/src/Illuminate/Pipeline/Pipeline.php(104): Illuminate\Routing\Pipeline->Illuminate\Routing\{closure}(Object(Illuminate\Http\Request))
#17 /var/www/html/vendor/laravel/framework/src/Illuminate/Routing/Router.php(655): Illuminate\Pipeline\Pipeline->then(Object(Closure))
#18 /var/www/html/vendor/laravel/framework/src/Illuminate/Routing/Router.php(629): Illuminate\Routing\Router->runRouteWithinStack(Object(Illuminate\Routing\Route), Object(Illuminate\Http\Request))
#19 /var/www/html/vendor/laravel/framework/src/Illuminate/Routing/Router.php(607): Illuminate\Routing\Router->dispatchToRoute(Object(Illuminate\Http\Request))
#20 /var/www/html/vendor/laravel/framework/src/Illuminate/Foundation/Http/Kernel.php(268): Illuminate\Routing\Router->dispatch(Object(Illuminate\Http\Request))
#21 /var/www/html/vendor/laravel/framework/src/Illuminate/Routing/Pipeline.php(53): Illuminate\Foundation\Http\Kernel->Illuminate\Foundation\Http\{closure}(Object(Illuminate\Http\Request))
#22 /var/www/html/vendor/laravel/framework/src/Illuminate/Foundation/Http/Middleware/CheckForMaintenanceMode.php(46): Illuminate\Routing\Pipeline->Illuminate\Routing\{closure}(Object(Illuminate\Http\Request))
#23 /var/www/html/vendor/laravel/framework/src/Illuminate/Pipeline/Pipeline.php(137): Illuminate\Foundation\Http\Middleware\CheckForMaintenanceMode->handle(Object(Illuminate\Http\Request), Object(Closure))
#24 /var/www/html/vendor/laravel/framework/src/Illuminate/Routing/Pipeline.php(33): Illuminate\Pipeline\Pipeline->Illuminate\Pipeline\{closure}(Object(Illuminate\Http\Request))
#25 /var/www/html/vendor/laravel/framework/src/Illuminate/Pipeline/Pipeline.php(104): Illuminate\Routing\Pipeline->Illuminate\Routing\{closure}(Object(Illuminate\Http\Request))
#26 /var/www/html/vendor/laravel/framework/src/Illuminate/Foundation/Http/Kernel.php(150): Illuminate\Pipeline\Pipeline->then(Object(Closure))
#27 /var/www/html/vendor/laravel/framework/src/Illuminate/Foundation/Http/Kernel.php(117): Illuminate\Foundation\Http\Kernel->sendRequestThroughRouter(Object(Illuminate\Http\Request))
#28 /var/www/html/public/index.php(53): Illuminate\Foundation\Http\Kernel->handle(Object(Illuminate\Http\Request))
#29 {main}  
[2018-11-02 17:27:16] local.ERROR: InvalidArgumentException: Database (/database/linepig.sqlite) does not exist. in /var/www/html/vendor/laravel/framework/src/Illuminate/Database/Connectors/SQLiteConnector.php:34
Stack trace:
#0 /var/www/html/vendor/laravel/framework/src/Illuminate/Database/Connectors/ConnectionFactory.php(147): Illuminate\Database\Connectors\SQLiteConnector->connect(Array)
#1 [internal function]: Illuminate\Database\Connectors\ConnectionFactory->Illuminate\Database\Connectors\{closure}()
#2 /var/www/html/vendor/laravel/framework/src/Illuminate/Database/Connection.php(965): call_user_func(Object(Closure))
#3 /var/www/html/vendor/laravel/framework/src/Illuminate/Database/Connection.php(986): Illuminate\Database\Connection->getPdo()
#4 /var/www/html/vendor/laravel/framework/src/Illuminate/Database/Connection.php(423): Illuminate\Database\Connection->getReadPdo()
#5 /var/www/html/vendor/laravel/framework/src/Illuminate/Database/Connection.php(333): Illuminate\Database\Connection->getPdoForSelect(true)
#6 /var/www/html/vendor/laravel/framework/src/Illuminate/Database/Connection.php(763): Illuminate\Database\Connection->Illuminate\Database\{closure}(Object(Illuminate\Database\SQLiteConnection), 'select * from "...', Array)
#7 /var/www/html/vendor/laravel/framework/src/Illuminate/Database/Connection.php(726): Illuminate\Database\Connection->runQueryCallback('select * from "...', Array, Object(Closure))
#8 /var/www/html/vendor/laravel/framework/src/Illuminate/Database/Connection.php(351): Illuminate\Database\Connection->run('select * from "...', Array, Object(Closure))
#9 /var/www/html/vendor/laravel/framework/src/Illuminate/Database/Query/Builder.php(1648): Illuminate\Database\Connection->select('select * from "...', Array, true)
#10 /var/www/html/vendor/laravel/framework/src/Illuminate/Database/Query/Builder.php(1634): Illuminate\Database\Query\Builder->runSelect()
#11 /var/www/html/app/Multimedia.php(96): Illuminate\Database\Query\Builder->get()
#12 /var/www/html/app/Http/Controllers/HomeController.php(18): App\Multimedia->getRecords()
#13 [internal function]: App\Http\Controllers\HomeController->showHome()
#14 /var/www/html/vendor/laravel/framework/src/Illuminate/Routing/Controller.php(55): call_user_func_array(Array, Array)
#15 /var/www/html/vendor/laravel/framework/src/Illuminate/Routing/ControllerDispatcher.php(44): Illuminate\Routing\Controller->callAction('showHome', Array)
#16 /var/www/html/vendor/laravel/framework/src/Illuminate/Routing/Route.php(189): Illuminate\Routing\ControllerDispatcher->dispatch(Object(Illuminate\Routing\Route), Object(App\Http\Controllers\HomeController), 'showHome')
#17 /var/www/html/vendor/laravel/framework/src/Illuminate/Routing/Route.php(144): Illuminate\Routing\Route->runController()
#18 /var/www/html/vendor/laravel/framework/src/Illuminate/Routing/Router.php(653): Illuminate\Routing\Route->run(Object(Illuminate\Http\Request))
#19 /var/www/html/vendor/laravel/framework/src/Illuminate/Routing/Pipeline.php(53): Illuminate\Routing\Router->Illuminate\Routing\{closure}(Object(Illuminate\Http\Request))
#20 /var/www/html/app/Http/Middleware/HttpCaching.php(20): Illuminate\Routing\Pipeline->Illuminate\Routing\{closure}(Object(Illuminate\Http\Request))
#21 /var/www/html/vendor/laravel/framework/src/Illuminate/Pipeline/Pipeline.php(137): App\Http\Middleware\HttpCaching->handle(Object(Illuminate\Http\Request), Object(Closure))
#22 /var/www/html/vendor/laravel/framework/src/Illuminate/Routing/Pipeline.php(33): Illuminate\Pipeline\Pipeline->Illuminate\Pipeline\{closure}(Object(Illuminate\Http\Request))
#23 /var/www/html/vendor/laravel/framework/src/Illuminate/Pipeline/Pipeline.php(104): Illuminate\Routing\Pipeline->Illuminate\Routing\{closure}(Object(Illuminate\Http\Request))
#24 /var/www/html/vendor/laravel/framework/src/Illuminate/Routing/Router.php(655): Illuminate\Pipeline\Pipeline->then(Object(Closure))
#25 /var/www/html/vendor/laravel/framework/src/Illuminate/Routing/Router.php(629): Illuminate\Routing\Router->runRouteWithinStack(Object(Illuminate\Routing\Route), Object(Illuminate\Http\Request))
#26 /var/www/html/vendor/laravel/framework/src/Illuminate/Routing/Router.php(607): Illuminate\Routing\Router->dispatchToRoute(Object(Illuminate\Http\Request))
#27 /var/www/html/vendor/laravel/framework/src/Illuminate/Foundation/Http/Kernel.php(268): Illuminate\Routing\Router->dispatch(Object(Illuminate\Http\Request))
#28 /var/www/html/vendor/laravel/framework/src/Illuminate/Routing/Pipeline.php(53): Illuminate\Foundation\Http\Kernel->Illuminate\Foundation\Http\{closure}(Object(Illuminate\Http\Request))
#29 /var/www/html/vendor/laravel/framework/src/Illuminate/Foundation/Http/Middleware/CheckForMaintenanceMode.php(46): Illuminate\Routing\Pipeline->Illuminate\Routing\{closure}(Object(Illuminate\Http\Request))
#30 /var/www/html/vendor/laravel/framework/src/Illuminate/Pipeline/Pipeline.php(137): Illuminate\Foundation\Http\Middleware\CheckForMaintenanceMode->handle(Object(Illuminate\Http\Request), Object(Closure))
#31 /var/www/html/vendor/laravel/framework/src/Illuminate/Routing/Pipeline.php(33): Illuminate\Pipeline\Pipeline->Illuminate\Pipeline\{closure}(Object(Illuminate\Http\Request))
#32 /var/www/html/vendor/laravel/framework/src/Illuminate/Pipeline/Pipeline.php(104): Illuminate\Routing\Pipeline->Illuminate\Routing\{closure}(Object(Illuminate\Http\Request))
#33 /var/www/html/vendor/laravel/framework/src/Illuminate/Foundation/Http/Kernel.php(150): Illuminate\Pipeline\Pipeline->then(Object(Closure))
#34 /var/www/html/vendor/laravel/framework/src/Illuminate/Foundation/Http/Kernel.php(117): Illuminate\Foundation\Http\Kernel->sendRequestThroughRouter(Object(Illuminate\Http\Request))
#35 /var/www/html/public/index.php(53): Illuminate\Foundation\Http\Kernel->handle(Object(Illuminate\Http\Request))
#36 {main}

Next Illuminate\Database\QueryException: Database (/database/linepig.sqlite) does not exist. (SQL: select * from "search" order by "genus" asc, "species" asc) in /var/www/html/vendor/laravel/framework/src/Illuminate/Database/Connection.php:770
Stack trace:
#0 /var/www/html/vendor/laravel/framework/src/Illuminate/Database/Connection.php(726): Illuminate\Database\Connection->runQueryCallback('select * from "...', Array, Object(Closure))
#1 /var/www/html/vendor/laravel/framework/src/Illuminate/Database/Connection.php(351): Illuminate\Database\Connection->run('select * from "...', Array, Object(Closure))
#2 /var/www/html/vendor/laravel/framework/src/Illuminate/Database/Query/Builder.php(1648): Illuminate\Database\Connection->select('select * from "...', Array, true)
#3 /var/www/html/vendor/laravel/framework/src/Illuminate/Database/Query/Builder.php(1634): Illuminate\Database\Query\Builder->runSelect()
#4 /var/www/html/app/Multimedia.php(96): Illuminate\Database\Query\Builder->get()
#5 /var/www/html/app/Http/Controllers/HomeController.php(18): App\Multimedia->getRecords()
#6 [internal function]: App\Http\Controllers\HomeController->showHome()
#7 /var/www/html/vendor/laravel/framework/src/Illuminate/Routing/Controller.php(55): call_user_func_array(Array, Array)
#8 /var/www/html/vendor/laravel/framework/src/Illuminate/Routing/ControllerDispatcher.php(44): Illuminate\Routing\Controller->callAction('showHome', Array)
#9 /var/www/html/vendor/laravel/framework/src/Illuminate/Routing/Route.php(189): Illuminate\Routing\ControllerDispatcher->dispatch(Object(Illuminate\Routing\Route), Object(App\Http\Controllers\HomeController), 'showHome')
#10 /var/www/html/vendor/laravel/framework/src/Illuminate/Routing/Route.php(144): Illuminate\Routing\Route->runController()
#11 /var/www/html/vendor/laravel/framework/src/Illuminate/Routing/Router.php(653): Illuminate\Routing\Route->run(Object(Illuminate\Http\Request))
#12 /var/www/html/vendor/laravel/framework/src/Illuminate/Routing/Pipeline.php(53): Illuminate\Routing\Router->Illuminate\Routing\{closure}(Object(Illuminate\Http\Request))
#13 /var/www/html/app/Http/Middleware/HttpCaching.php(20): Illuminate\Routing\Pipeline->Illuminate\Routing\{closure}(Object(Illuminate\Http\Request))
#14 /var/www/html/vendor/laravel/framework/src/Illuminate/Pipeline/Pipeline.php(137): App\Http\Middleware\HttpCaching->handle(Object(Illuminate\Http\Request), Object(Closure))
#15 /var/www/html/vendor/laravel/framework/src/Illuminate/Routing/Pipeline.php(33): Illuminate\Pipeline\Pipeline->Illuminate\Pipeline\{closure}(Object(Illuminate\Http\Request))
#16 /var/www/html/vendor/laravel/framework/src/Illuminate/Pipeline/Pipeline.php(104): Illuminate\Routing\Pipeline->Illuminate\Routing\{closure}(Object(Illuminate\Http\Request))
#17 /var/www/html/vendor/laravel/framework/src/Illuminate/Routing/Router.php(655): Illuminate\Pipeline\Pipeline->then(Object(Closure))
#18 /var/www/html/vendor/laravel/framework/src/Illuminate/Routing/Router.php(629): Illuminate\Routing\Router->runRouteWithinStack(Object(Illuminate\Routing\Route), Object(Illuminate\Http\Request))
#19 /var/www/html/vendor/laravel/framework/src/Illuminate/Routing/Router.php(607): Illuminate\Routing\Router->dispatchToRoute(Object(Illuminate\Http\Request))
#20 /var/www/html/vendor/laravel/framework/src/Illuminate/Foundation/Http/Kernel.php(268): Illuminate\Routing\Router->dispatch(Object(Illuminate\Http\Request))
#21 /var/www/html/vendor/laravel/framework/src/Illuminate/Routing/Pipeline.php(53): Illuminate\Foundation\Http\Kernel->Illuminate\Foundation\Http\{closure}(Object(Illuminate\Http\Request))
#22 /var/www/html/vendor/laravel/framework/src/Illuminate/Foundation/Http/Middleware/CheckForMaintenanceMode.php(46): Illuminate\Routing\Pipeline->Illuminate\Routing\{closure}(Object(Illuminate\Http\Request))
#23 /var/www/html/vendor/laravel/framework/src/Illuminate/Pipeline/Pipeline.php(137): Illuminate\Foundation\Http\Middleware\CheckForMaintenanceMode->handle(Object(Illuminate\Http\Request), Object(Closure))
#24 /var/www/html/vendor/laravel/framework/src/Illuminate/Routing/Pipeline.php(33): Illuminate\Pipeline\Pipeline->Illuminate\Pipeline\{closure}(Object(Illuminate\Http\Request))
#25 /var/www/html/vendor/laravel/framework/src/Illuminate/Pipeline/Pipeline.php(104): Illuminate\Routing\Pipeline->Illuminate\Routing\{closure}(Object(Illuminate\Http\Request))
#26 /var/www/html/vendor/laravel/framework/src/Illuminate/Foundation/Http/Kernel.php(150): Illuminate\Pipeline\Pipeline->then(Object(Closure))
#27 /var/www/html/vendor/laravel/framework/src/Illuminate/Foundation/Http/Kernel.php(117): Illuminate\Foundation\Http\Kernel->sendRequestThroughRouter(Object(Illuminate\Http\Request))
#28 /var/www/html/public/index.php(53): Illuminate\Foundation\Http\Kernel->handle(Object(Illuminate\Http\Request))
#29 {main}  
[2018-11-02 17:29:54] local.ERROR: InvalidArgumentException: Database (database/linepig.sqlite) does not exist. in /var/www/html/vendor/laravel/framework/src/Illuminate/Database/Connectors/SQLiteConnector.php:34
Stack trace:
#0 /var/www/html/vendor/laravel/framework/src/Illuminate/Database/Connectors/ConnectionFactory.php(147): Illuminate\Database\Connectors\SQLiteConnector->connect(Array)
#1 [internal function]: Illuminate\Database\Connectors\ConnectionFactory->Illuminate\Database\Connectors\{closure}()
#2 /var/www/html/vendor/laravel/framework/src/Illuminate/Database/Connection.php(965): call_user_func(Object(Closure))
#3 /var/www/html/vendor/laravel/framework/src/Illuminate/Database/Connection.php(986): Illuminate\Database\Connection->getPdo()
#4 /var/www/html/vendor/laravel/framework/src/Illuminate/Database/Connection.php(423): Illuminate\Database\Connection->getReadPdo()
#5 /var/www/html/vendor/laravel/framework/src/Illuminate/Database/Connection.php(333): Illuminate\Database\Connection->getPdoForSelect(true)
#6 /var/www/html/vendor/laravel/framework/src/Illuminate/Database/Connection.php(763): Illuminate\Database\Connection->Illuminate\Database\{closure}(Object(Illuminate\Database\SQLiteConnection), 'select * from "...', Array)
#7 /var/www/html/vendor/laravel/framework/src/Illuminate/Database/Connection.php(726): Illuminate\Database\Connection->runQueryCallback('select * from "...', Array, Object(Closure))
#8 /var/www/html/vendor/laravel/framework/src/Illuminate/Database/Connection.php(351): Illuminate\Database\Connection->run('select * from "...', Array, Object(Closure))
#9 /var/www/html/vendor/laravel/framework/src/Illuminate/Database/Query/Builder.php(1648): Illuminate\Database\Connection->select('select * from "...', Array, true)
#10 /var/www/html/vendor/laravel/framework/src/Illuminate/Database/Query/Builder.php(1634): Illuminate\Database\Query\Builder->runSelect()
#11 /var/www/html/app/Multimedia.php(96): Illuminate\Database\Query\Builder->get()
#12 /var/www/html/app/Http/Controllers/HomeController.php(18): App\Multimedia->getRecords()
#13 [internal function]: App\Http\Controllers\HomeController->showHome()
#14 /var/www/html/vendor/laravel/framework/src/Illuminate/Routing/Controller.php(55): call_user_func_array(Array, Array)
#15 /var/www/html/vendor/laravel/framework/src/Illuminate/Routing/ControllerDispatcher.php(44): Illuminate\Routing\Controller->callAction('showHome', Array)
#16 /var/www/html/vendor/laravel/framework/src/Illuminate/Routing/Route.php(189): Illuminate\Routing\ControllerDispatcher->dispatch(Object(Illuminate\Routing\Route), Object(App\Http\Controllers\HomeController), 'showHome')
#17 /var/www/html/vendor/laravel/framework/src/Illuminate/Routing/Route.php(144): Illuminate\Routing\Route->runController()
#18 /var/www/html/vendor/laravel/framework/src/Illuminate/Routing/Router.php(653): Illuminate\Routing\Route->run(Object(Illuminate\Http\Request))
#19 /var/www/html/vendor/laravel/framework/src/Illuminate/Routing/Pipeline.php(53): Illuminate\Routing\Router->Illuminate\Routing\{closure}(Object(Illuminate\Http\Request))
#20 /var/www/html/app/Http/Middleware/HttpCaching.php(20): Illuminate\Routing\Pipeline->Illuminate\Routing\{closure}(Object(Illuminate\Http\Request))
#21 /var/www/html/vendor/laravel/framework/src/Illuminate/Pipeline/Pipeline.php(137): App\Http\Middleware\HttpCaching->handle(Object(Illuminate\Http\Request), Object(Closure))
#22 /var/www/html/vendor/laravel/framework/src/Illuminate/Routing/Pipeline.php(33): Illuminate\Pipeline\Pipeline->Illuminate\Pipeline\{closure}(Object(Illuminate\Http\Request))
#23 /var/www/html/vendor/laravel/framework/src/Illuminate/Pipeline/Pipeline.php(104): Illuminate\Routing\Pipeline->Illuminate\Routing\{closure}(Object(Illuminate\Http\Request))
#24 /var/www/html/vendor/laravel/framework/src/Illuminate/Routing/Router.php(655): Illuminate\Pipeline\Pipeline->then(Object(Closure))
#25 /var/www/html/vendor/laravel/framework/src/Illuminate/Routing/Router.php(629): Illuminate\Routing\Router->runRouteWithinStack(Object(Illuminate\Routing\Route), Object(Illuminate\Http\Request))
#26 /var/www/html/vendor/laravel/framework/src/Illuminate/Routing/Router.php(607): Illuminate\Routing\Router->dispatchToRoute(Object(Illuminate\Http\Request))
#27 /var/www/html/vendor/laravel/framework/src/Illuminate/Foundation/Http/Kernel.php(268): Illuminate\Routing\Router->dispatch(Object(Illuminate\Http\Request))
#28 /var/www/html/vendor/laravel/framework/src/Illuminate/Routing/Pipeline.php(53): Illuminate\Foundation\Http\Kernel->Illuminate\Foundation\Http\{closure}(Object(Illuminate\Http\Request))
#29 /var/www/html/vendor/laravel/framework/src/Illuminate/Foundation/Http/Middleware/CheckForMaintenanceMode.php(46): Illuminate\Routing\Pipeline->Illuminate\Routing\{closure}(Object(Illuminate\Http\Request))
#30 /var/www/html/vendor/laravel/framework/src/Illuminate/Pipeline/Pipeline.php(137): Illuminate\Foundation\Http\Middleware\CheckForMaintenanceMode->handle(Object(Illuminate\Http\Request), Object(Closure))
#31 /var/www/html/vendor/laravel/framework/src/Illuminate/Routing/Pipeline.php(33): Illuminate\Pipeline\Pipeline->Illuminate\Pipeline\{closure}(Object(Illuminate\Http\Request))
#32 /var/www/html/vendor/laravel/framework/src/Illuminate/Pipeline/Pipeline.php(104): Illuminate\Routing\Pipeline->Illuminate\Routing\{closure}(Object(Illuminate\Http\Request))
#33 /var/www/html/vendor/laravel/framework/src/Illuminate/Foundation/Http/Kernel.php(150): Illuminate\Pipeline\Pipeline->then(Object(Closure))
#34 /var/www/html/vendor/laravel/framework/src/Illuminate/Foundation/Http/Kernel.php(117): Illuminate\Foundation\Http\Kernel->sendRequestThroughRouter(Object(Illuminate\Http\Request))
#35 /var/www/html/public/index.php(53): Illuminate\Foundation\Http\Kernel->handle(Object(Illuminate\Http\Request))
#36 {main}

Next Illuminate\Database\QueryException: Database (database/linepig.sqlite) does not exist. (SQL: select * from "search" order by "genus" asc, "species" asc) in /var/www/html/vendor/laravel/framework/src/Illuminate/Database/Connection.php:770
Stack trace:
#0 /var/www/html/vendor/laravel/framework/src/Illuminate/Database/Connection.php(726): Illuminate\Database\Connection->runQueryCallback('select * from "...', Array, Object(Closure))
#1 /var/www/html/vendor/laravel/framework/src/Illuminate/Database/Connection.php(351): Illuminate\Database\Connection->run('select * from "...', Array, Object(Closure))
#2 /var/www/html/vendor/laravel/framework/src/Illuminate/Database/Query/Builder.php(1648): Illuminate\Database\Connection->select('select * from "...', Array, true)
#3 /var/www/html/vendor/laravel/framework/src/Illuminate/Database/Query/Builder.php(1634): Illuminate\Database\Query\Builder->runSelect()
#4 /var/www/html/app/Multimedia.php(96): Illuminate\Database\Query\Builder->get()
#5 /var/www/html/app/Http/Controllers/HomeController.php(18): App\Multimedia->getRecords()
#6 [internal function]: App\Http\Controllers\HomeController->showHome()
#7 /var/www/html/vendor/laravel/framework/src/Illuminate/Routing/Controller.php(55): call_user_func_array(Array, Array)
#8 /var/www/html/vendor/laravel/framework/src/Illuminate/Routing/ControllerDispatcher.php(44): Illuminate\Routing\Controller->callAction('showHome', Array)
#9 /var/www/html/vendor/laravel/framework/src/Illuminate/Routing/Route.php(189): Illuminate\Routing\ControllerDispatcher->dispatch(Object(Illuminate\Routing\Route), Object(App\Http\Controllers\HomeController), 'showHome')
#10 /var/www/html/vendor/laravel/framework/src/Illuminate/Routing/Route.php(144): Illuminate\Routing\Route->runController()
#11 /var/www/html/vendor/laravel/framework/src/Illuminate/Routing/Router.php(653): Illuminate\Routing\Route->run(Object(Illuminate\Http\Request))
#12 /var/www/html/vendor/laravel/framework/src/Illuminate/Routing/Pipeline.php(53): Illuminate\Routing\Router->Illuminate\Routing\{closure}(Object(Illuminate\Http\Request))
#13 /var/www/html/app/Http/Middleware/HttpCaching.php(20): Illuminate\Routing\Pipeline->Illuminate\Routing\{closure}(Object(Illuminate\Http\Request))
#14 /var/www/html/vendor/laravel/framework/src/Illuminate/Pipeline/Pipeline.php(137): App\Http\Middleware\HttpCaching->handle(Object(Illuminate\Http\Request), Object(Closure))
#15 /var/www/html/vendor/laravel/framework/src/Illuminate/Routing/Pipeline.php(33): Illuminate\Pipeline\Pipeline->Illuminate\Pipeline\{closure}(Object(Illuminate\Http\Request))
#16 /var/www/html/vendor/laravel/framework/src/Illuminate/Pipeline/Pipeline.php(104): Illuminate\Routing\Pipeline->Illuminate\Routing\{closure}(Object(Illuminate\Http\Request))
#17 /var/www/html/vendor/laravel/framework/src/Illuminate/Routing/Router.php(655): Illuminate\Pipeline\Pipeline->then(Object(Closure))
#18 /var/www/html/vendor/laravel/framework/src/Illuminate/Routing/Router.php(629): Illuminate\Routing\Router->runRouteWithinStack(Object(Illuminate\Routing\Route), Object(Illuminate\Http\Request))
#19 /var/www/html/vendor/laravel/framework/src/Illuminate/Routing/Router.php(607): Illuminate\Routing\Router->dispatchToRoute(Object(Illuminate\Http\Request))
#20 /var/www/html/vendor/laravel/framework/src/Illuminate/Foundation/Http/Kernel.php(268): Illuminate\Routing\Router->dispatch(Object(Illuminate\Http\Request))
#21 /var/www/html/vendor/laravel/framework/src/Illuminate/Routing/Pipeline.php(53): Illuminate\Foundation\Http\Kernel->Illuminate\Foundation\Http\{closure}(Object(Illuminate\Http\Request))
#22 /var/www/html/vendor/laravel/framework/src/Illuminate/Foundation/Http/Middleware/CheckForMaintenanceMode.php(46): Illuminate\Routing\Pipeline->Illuminate\Routing\{closure}(Object(Illuminate\Http\Request))
#23 /var/www/html/vendor/laravel/framework/src/Illuminate/Pipeline/Pipeline.php(137): Illuminate\Foundation\Http\Middleware\CheckForMaintenanceMode->handle(Object(Illuminate\Http\Request), Object(Closure))
#24 /var/www/html/vendor/laravel/framework/src/Illuminate/Routing/Pipeline.php(33): Illuminate\Pipeline\Pipeline->Illuminate\Pipeline\{closure}(Object(Illuminate\Http\Request))
#25 /var/www/html/vendor/laravel/framework/src/Illuminate/Pipeline/Pipeline.php(104): Illuminate\Routing\Pipeline->Illuminate\Routing\{closure}(Object(Illuminate\Http\Request))
#26 /var/www/html/vendor/laravel/framework/src/Illuminate/Foundation/Http/Kernel.php(150): Illuminate\Pipeline\Pipeline->then(Object(Closure))
#27 /var/www/html/vendor/laravel/framework/src/Illuminate/Foundation/Http/Kernel.php(117): Illuminate\Foundation\Http\Kernel->sendRequestThroughRouter(Object(Illuminate\Http\Request))
#28 /var/www/html/public/index.php(53): Illuminate\Foundation\Http\Kernel->handle(Object(Illuminate\Http\Request))
#29 {main}  
[2018-11-02 17:29:55] local.ERROR: InvalidArgumentException: Database (database/linepig.sqlite) does not exist. in /var/www/html/vendor/laravel/framework/src/Illuminate/Database/Connectors/SQLiteConnector.php:34
Stack trace:
#0 /var/www/html/vendor/laravel/framework/src/Illuminate/Database/Connectors/ConnectionFactory.php(147): Illuminate\Database\Connectors\SQLiteConnector->connect(Array)
#1 [internal function]: Illuminate\Database\Connectors\ConnectionFactory->Illuminate\Database\Connectors\{closure}()
#2 /var/www/html/vendor/laravel/framework/src/Illuminate/Database/Connection.php(965): call_user_func(Object(Closure))
#3 /var/www/html/vendor/laravel/framework/src/Illuminate/Database/Connection.php(986): Illuminate\Database\Connection->getPdo()
#4 /var/www/html/vendor/laravel/framework/src/Illuminate/Database/Connection.php(423): Illuminate\Database\Connection->getReadPdo()
#5 /var/www/html/vendor/laravel/framework/src/Illuminate/Database/Connection.php(333): Illuminate\Database\Connection->getPdoForSelect(true)
#6 /var/www/html/vendor/laravel/framework/src/Illuminate/Database/Connection.php(763): Illuminate\Database\Connection->Illuminate\Database\{closure}(Object(Illuminate\Database\SQLiteConnection), 'select * from "...', Array)
#7 /var/www/html/vendor/laravel/framework/src/Illuminate/Database/Connection.php(726): Illuminate\Database\Connection->runQueryCallback('select * from "...', Array, Object(Closure))
#8 /var/www/html/vendor/laravel/framework/src/Illuminate/Database/Connection.php(351): Illuminate\Database\Connection->run('select * from "...', Array, Object(Closure))
#9 /var/www/html/vendor/laravel/framework/src/Illuminate/Database/Query/Builder.php(1648): Illuminate\Database\Connection->select('select * from "...', Array, true)
#10 /var/www/html/vendor/laravel/framework/src/Illuminate/Database/Query/Builder.php(1634): Illuminate\Database\Query\Builder->runSelect()
#11 /var/www/html/app/Multimedia.php(96): Illuminate\Database\Query\Builder->get()
#12 /var/www/html/app/Http/Controllers/HomeController.php(18): App\Multimedia->getRecords()
#13 [internal function]: App\Http\Controllers\HomeController->showHome()
#14 /var/www/html/vendor/laravel/framework/src/Illuminate/Routing/Controller.php(55): call_user_func_array(Array, Array)
#15 /var/www/html/vendor/laravel/framework/src/Illuminate/Routing/ControllerDispatcher.php(44): Illuminate\Routing\Controller->callAction('showHome', Array)
#16 /var/www/html/vendor/laravel/framework/src/Illuminate/Routing/Route.php(189): Illuminate\Routing\ControllerDispatcher->dispatch(Object(Illuminate\Routing\Route), Object(App\Http\Controllers\HomeController), 'showHome')
#17 /var/www/html/vendor/laravel/framework/src/Illuminate/Routing/Route.php(144): Illuminate\Routing\Route->runController()
#18 /var/www/html/vendor/laravel/framework/src/Illuminate/Routing/Router.php(653): Illuminate\Routing\Route->run(Object(Illuminate\Http\Request))
#19 /var/www/html/vendor/laravel/framework/src/Illuminate/Routing/Pipeline.php(53): Illuminate\Routing\Router->Illuminate\Routing\{closure}(Object(Illuminate\Http\Request))
#20 /var/www/html/app/Http/Middleware/HttpCaching.php(20): Illuminate\Routing\Pipeline->Illuminate\Routing\{closure}(Object(Illuminate\Http\Request))
#21 /var/www/html/vendor/laravel/framework/src/Illuminate/Pipeline/Pipeline.php(137): App\Http\Middleware\HttpCaching->handle(Object(Illuminate\Http\Request), Object(Closure))
#22 /var/www/html/vendor/laravel/framework/src/Illuminate/Routing/Pipeline.php(33): Illuminate\Pipeline\Pipeline->Illuminate\Pipeline\{closure}(Object(Illuminate\Http\Request))
#23 /var/www/html/vendor/laravel/framework/src/Illuminate/Pipeline/Pipeline.php(104): Illuminate\Routing\Pipeline->Illuminate\Routing\{closure}(Object(Illuminate\Http\Request))
#24 /var/www/html/vendor/laravel/framework/src/Illuminate/Routing/Router.php(655): Illuminate\Pipeline\Pipeline->then(Object(Closure))
#25 /var/www/html/vendor/laravel/framework/src/Illuminate/Routing/Router.php(629): Illuminate\Routing\Router->runRouteWithinStack(Object(Illuminate\Routing\Route), Object(Illuminate\Http\Request))
#26 /var/www/html/vendor/laravel/framework/src/Illuminate/Routing/Router.php(607): Illuminate\Routing\Router->dispatchToRoute(Object(Illuminate\Http\Request))
#27 /var/www/html/vendor/laravel/framework/src/Illuminate/Foundation/Http/Kernel.php(268): Illuminate\Routing\Router->dispatch(Object(Illuminate\Http\Request))
#28 /var/www/html/vendor/laravel/framework/src/Illuminate/Routing/Pipeline.php(53): Illuminate\Foundation\Http\Kernel->Illuminate\Foundation\Http\{closure}(Object(Illuminate\Http\Request))
#29 /var/www/html/vendor/laravel/framework/src/Illuminate/Foundation/Http/Middleware/CheckForMaintenanceMode.php(46): Illuminate\Routing\Pipeline->Illuminate\Routing\{closure}(Object(Illuminate\Http\Request))
#30 /var/www/html/vendor/laravel/framework/src/Illuminate/Pipeline/Pipeline.php(137): Illuminate\Foundation\Http\Middleware\CheckForMaintenanceMode->handle(Object(Illuminate\Http\Request), Object(Closure))
#31 /var/www/html/vendor/laravel/framework/src/Illuminate/Routing/Pipeline.php(33): Illuminate\Pipeline\Pipeline->Illuminate\Pipeline\{closure}(Object(Illuminate\Http\Request))
#32 /var/www/html/vendor/laravel/framework/src/Illuminate/Pipeline/Pipeline.php(104): Illuminate\Routing\Pipeline->Illuminate\Routing\{closure}(Object(Illuminate\Http\Request))
#33 /var/www/html/vendor/laravel/framework/src/Illuminate/Foundation/Http/Kernel.php(150): Illuminate\Pipeline\Pipeline->then(Object(Closure))
#34 /var/www/html/vendor/laravel/framework/src/Illuminate/Foundation/Http/Kernel.php(117): Illuminate\Foundation\Http\Kernel->sendRequestThroughRouter(Object(Illuminate\Http\Request))
#35 /var/www/html/public/index.php(53): Illuminate\Foundation\Http\Kernel->handle(Object(Illuminate\Http\Request))
#36 {main}

Next Illuminate\Database\QueryException: Database (database/linepig.sqlite) does not exist. (SQL: select * from "search" order by "genus" asc, "species" asc) in /var/www/html/vendor/laravel/framework/src/Illuminate/Database/Connection.php:770
Stack trace:
#0 /var/www/html/vendor/laravel/framework/src/Illuminate/Database/Connection.php(726): Illuminate\Database\Connection->runQueryCallback('select * from "...', Array, Object(Closure))
#1 /var/www/html/vendor/laravel/framework/src/Illuminate/Database/Connection.php(351): Illuminate\Database\Connection->run('select * from "...', Array, Object(Closure))
#2 /var/www/html/vendor/laravel/framework/src/Illuminate/Database/Query/Builder.php(1648): Illuminate\Database\Connection->select('select * from "...', Array, true)
#3 /var/www/html/vendor/laravel/framework/src/Illuminate/Database/Query/Builder.php(1634): Illuminate\Database\Query\Builder->runSelect()
#4 /var/www/html/app/Multimedia.php(96): Illuminate\Database\Query\Builder->get()
#5 /var/www/html/app/Http/Controllers/HomeController.php(18): App\Multimedia->getRecords()
#6 [internal function]: App\Http\Controllers\HomeController->showHome()
#7 /var/www/html/vendor/laravel/framework/src/Illuminate/Routing/Controller.php(55): call_user_func_array(Array, Array)
#8 /var/www/html/vendor/laravel/framework/src/Illuminate/Routing/ControllerDispatcher.php(44): Illuminate\Routing\Controller->callAction('showHome', Array)
#9 /var/www/html/vendor/laravel/framework/src/Illuminate/Routing/Route.php(189): Illuminate\Routing\ControllerDispatcher->dispatch(Object(Illuminate\Routing\Route), Object(App\Http\Controllers\HomeController), 'showHome')
#10 /var/www/html/vendor/laravel/framework/src/Illuminate/Routing/Route.php(144): Illuminate\Routing\Route->runController()
#11 /var/www/html/vendor/laravel/framework/src/Illuminate/Routing/Router.php(653): Illuminate\Routing\Route->run(Object(Illuminate\Http\Request))
#12 /var/www/html/vendor/laravel/framework/src/Illuminate/Routing/Pipeline.php(53): Illuminate\Routing\Router->Illuminate\Routing\{closure}(Object(Illuminate\Http\Request))
#13 /var/www/html/app/Http/Middleware/HttpCaching.php(20): Illuminate\Routing\Pipeline->Illuminate\Routing\{closure}(Object(Illuminate\Http\Request))
#14 /var/www/html/vendor/laravel/framework/src/Illuminate/Pipeline/Pipeline.php(137): App\Http\Middleware\HttpCaching->handle(Object(Illuminate\Http\Request), Object(Closure))
#15 /var/www/html/vendor/laravel/framework/src/Illuminate/Routing/Pipeline.php(33): Illuminate\Pipeline\Pipeline->Illuminate\Pipeline\{closure}(Object(Illuminate\Http\Request))
#16 /var/www/html/vendor/laravel/framework/src/Illuminate/Pipeline/Pipeline.php(104): Illuminate\Routing\Pipeline->Illuminate\Routing\{closure}(Object(Illuminate\Http\Request))
#17 /var/www/html/vendor/laravel/framework/src/Illuminate/Routing/Router.php(655): Illuminate\Pipeline\Pipeline->then(Object(Closure))
#18 /var/www/html/vendor/laravel/framework/src/Illuminate/Routing/Router.php(629): Illuminate\Routing\Router->runRouteWithinStack(Object(Illuminate\Routing\Route), Object(Illuminate\Http\Request))
#19 /var/www/html/vendor/laravel/framework/src/Illuminate/Routing/Router.php(607): Illuminate\Routing\Router->dispatchToRoute(Object(Illuminate\Http\Request))
#20 /var/www/html/vendor/laravel/framework/src/Illuminate/Foundation/Http/Kernel.php(268): Illuminate\Routing\Router->dispatch(Object(Illuminate\Http\Request))
#21 /var/www/html/vendor/laravel/framework/src/Illuminate/Routing/Pipeline.php(53): Illuminate\Foundation\Http\Kernel->Illuminate\Foundation\Http\{closure}(Object(Illuminate\Http\Request))
#22 /var/www/html/vendor/laravel/framework/src/Illuminate/Foundation/Http/Middleware/CheckForMaintenanceMode.php(46): Illuminate\Routing\Pipeline->Illuminate\Routing\{closure}(Object(Illuminate\Http\Request))
#23 /var/www/html/vendor/laravel/framework/src/Illuminate/Pipeline/Pipeline.php(137): Illuminate\Foundation\Http\Middleware\CheckForMaintenanceMode->handle(Object(Illuminate\Http\Request), Object(Closure))
#24 /var/www/html/vendor/laravel/framework/src/Illuminate/Routing/Pipeline.php(33): Illuminate\Pipeline\Pipeline->Illuminate\Pipeline\{closure}(Object(Illuminate\Http\Request))
#25 /var/www/html/vendor/laravel/framework/src/Illuminate/Pipeline/Pipeline.php(104): Illuminate\Routing\Pipeline->Illuminate\Routing\{closure}(Object(Illuminate\Http\Request))
#26 /var/www/html/vendor/laravel/framework/src/Illuminate/Foundation/Http/Kernel.php(150): Illuminate\Pipeline\Pipeline->then(Object(Closure))
#27 /var/www/html/vendor/laravel/framework/src/Illuminate/Foundation/Http/Kernel.php(117): Illuminate\Foundation\Http\Kernel->sendRequestThroughRouter(Object(Illuminate\Http\Request))
#28 /var/www/html/public/index.php(53): Illuminate\Foundation\Http\Kernel->handle(Object(Illuminate\Http\Request))
#29 {main}  
[2018-11-02 17:29:55] local.ERROR: InvalidArgumentException: Database (database/linepig.sqlite) does not exist. in /var/www/html/vendor/laravel/framework/src/Illuminate/Database/Connectors/SQLiteConnector.php:34
Stack trace:
#0 /var/www/html/vendor/laravel/framework/src/Illuminate/Database/Connectors/ConnectionFactory.php(147): Illuminate\Database\Connectors\SQLiteConnector->connect(Array)
#1 [internal function]: Illuminate\Database\Connectors\ConnectionFactory->Illuminate\Database\Connectors\{closure}()
#2 /var/www/html/vendor/laravel/framework/src/Illuminate/Database/Connection.php(965): call_user_func(Object(Closure))
#3 /var/www/html/vendor/laravel/framework/src/Illuminate/Database/Connection.php(986): Illuminate\Database\Connection->getPdo()
#4 /var/www/html/vendor/laravel/framework/src/Illuminate/Database/Connection.php(423): Illuminate\Database\Connection->getReadPdo()
#5 /var/www/html/vendor/laravel/framework/src/Illuminate/Database/Connection.php(333): Illuminate\Database\Connection->getPdoForSelect(true)
#6 /var/www/html/vendor/laravel/framework/src/Illuminate/Database/Connection.php(763): Illuminate\Database\Connection->Illuminate\Database\{closure}(Object(Illuminate\Database\SQLiteConnection), 'select * from "...', Array)
#7 /var/www/html/vendor/laravel/framework/src/Illuminate/Database/Connection.php(726): Illuminate\Database\Connection->runQueryCallback('select * from "...', Array, Object(Closure))
#8 /var/www/html/vendor/laravel/framework/src/Illuminate/Database/Connection.php(351): Illuminate\Database\Connection->run('select * from "...', Array, Object(Closure))
#9 /var/www/html/vendor/laravel/framework/src/Illuminate/Database/Query/Builder.php(1648): Illuminate\Database\Connection->select('select * from "...', Array, true)
#10 /var/www/html/vendor/laravel/framework/src/Illuminate/Database/Query/Builder.php(1634): Illuminate\Database\Query\Builder->runSelect()
#11 /var/www/html/app/Multimedia.php(96): Illuminate\Database\Query\Builder->get()
#12 /var/www/html/app/Http/Controllers/HomeController.php(18): App\Multimedia->getRecords()
#13 [internal function]: App\Http\Controllers\HomeController->showHome()
#14 /var/www/html/vendor/laravel/framework/src/Illuminate/Routing/Controller.php(55): call_user_func_array(Array, Array)
#15 /var/www/html/vendor/laravel/framework/src/Illuminate/Routing/ControllerDispatcher.php(44): Illuminate\Routing\Controller->callAction('showHome', Array)
#16 /var/www/html/vendor/laravel/framework/src/Illuminate/Routing/Route.php(189): Illuminate\Routing\ControllerDispatcher->dispatch(Object(Illuminate\Routing\Route), Object(App\Http\Controllers\HomeController), 'showHome')
#17 /var/www/html/vendor/laravel/framework/src/Illuminate/Routing/Route.php(144): Illuminate\Routing\Route->runController()
#18 /var/www/html/vendor/laravel/framework/src/Illuminate/Routing/Router.php(653): Illuminate\Routing\Route->run(Object(Illuminate\Http\Request))
#19 /var/www/html/vendor/laravel/framework/src/Illuminate/Routing/Pipeline.php(53): Illuminate\Routing\Router->Illuminate\Routing\{closure}(Object(Illuminate\Http\Request))
#20 /var/www/html/app/Http/Middleware/HttpCaching.php(20): Illuminate\Routing\Pipeline->Illuminate\Routing\{closure}(Object(Illuminate\Http\Request))
#21 /var/www/html/vendor/laravel/framework/src/Illuminate/Pipeline/Pipeline.php(137): App\Http\Middleware\HttpCaching->handle(Object(Illuminate\Http\Request), Object(Closure))
#22 /var/www/html/vendor/laravel/framework/src/Illuminate/Routing/Pipeline.php(33): Illuminate\Pipeline\Pipeline->Illuminate\Pipeline\{closure}(Object(Illuminate\Http\Request))
#23 /var/www/html/vendor/laravel/framework/src/Illuminate/Pipeline/Pipeline.php(104): Illuminate\Routing\Pipeline->Illuminate\Routing\{closure}(Object(Illuminate\Http\Request))
#24 /var/www/html/vendor/laravel/framework/src/Illuminate/Routing/Router.php(655): Illuminate\Pipeline\Pipeline->then(Object(Closure))
#25 /var/www/html/vendor/laravel/framework/src/Illuminate/Routing/Router.php(629): Illuminate\Routing\Router->runRouteWithinStack(Object(Illuminate\Routing\Route), Object(Illuminate\Http\Request))
#26 /var/www/html/vendor/laravel/framework/src/Illuminate/Routing/Router.php(607): Illuminate\Routing\Router->dispatchToRoute(Object(Illuminate\Http\Request))
#27 /var/www/html/vendor/laravel/framework/src/Illuminate/Foundation/Http/Kernel.php(268): Illuminate\Routing\Router->dispatch(Object(Illuminate\Http\Request))
#28 /var/www/html/vendor/laravel/framework/src/Illuminate/Routing/Pipeline.php(53): Illuminate\Foundation\Http\Kernel->Illuminate\Foundation\Http\{closure}(Object(Illuminate\Http\Request))
#29 /var/www/html/vendor/laravel/framework/src/Illuminate/Foundation/Http/Middleware/CheckForMaintenanceMode.php(46): Illuminate\Routing\Pipeline->Illuminate\Routing\{closure}(Object(Illuminate\Http\Request))
#30 /var/www/html/vendor/laravel/framework/src/Illuminate/Pipeline/Pipeline.php(137): Illuminate\Foundation\Http\Middleware\CheckForMaintenanceMode->handle(Object(Illuminate\Http\Request), Object(Closure))
#31 /var/www/html/vendor/laravel/framework/src/Illuminate/Routing/Pipeline.php(33): Illuminate\Pipeline\Pipeline->Illuminate\Pipeline\{closure}(Object(Illuminate\Http\Request))
#32 /var/www/html/vendor/laravel/framework/src/Illuminate/Pipeline/Pipeline.php(104): Illuminate\Routing\Pipeline->Illuminate\Routing\{closure}(Object(Illuminate\Http\Request))
#33 /var/www/html/vendor/laravel/framework/src/Illuminate/Foundation/Http/Kernel.php(150): Illuminate\Pipeline\Pipeline->then(Object(Closure))
#34 /var/www/html/vendor/laravel/framework/src/Illuminate/Foundation/Http/Kernel.php(117): Illuminate\Foundation\Http\Kernel->sendRequestThroughRouter(Object(Illuminate\Http\Request))
#35 /var/www/html/public/index.php(53): Illuminate\Foundation\Http\Kernel->handle(Object(Illuminate\Http\Request))
#36 {main}

Next Illuminate\Database\QueryException: Database (database/linepig.sqlite) does not exist. (SQL: select * from "search" order by "genus" asc, "species" asc) in /var/www/html/vendor/laravel/framework/src/Illuminate/Database/Connection.php:770
Stack trace:
#0 /var/www/html/vendor/laravel/framework/src/Illuminate/Database/Connection.php(726): Illuminate\Database\Connection->runQueryCallback('select * from "...', Array, Object(Closure))
#1 /var/www/html/vendor/laravel/framework/src/Illuminate/Database/Connection.php(351): Illuminate\Database\Connection->run('select * from "...', Array, Object(Closure))
#2 /var/www/html/vendor/laravel/framework/src/Illuminate/Database/Query/Builder.php(1648): Illuminate\Database\Connection->select('select * from "...', Array, true)
#3 /var/www/html/vendor/laravel/framework/src/Illuminate/Database/Query/Builder.php(1634): Illuminate\Database\Query\Builder->runSelect()
#4 /var/www/html/app/Multimedia.php(96): Illuminate\Database\Query\Builder->get()
#5 /var/www/html/app/Http/Controllers/HomeController.php(18): App\Multimedia->getRecords()
#6 [internal function]: App\Http\Controllers\HomeController->showHome()
#7 /var/www/html/vendor/laravel/framework/src/Illuminate/Routing/Controller.php(55): call_user_func_array(Array, Array)
#8 /var/www/html/vendor/laravel/framework/src/Illuminate/Routing/ControllerDispatcher.php(44): Illuminate\Routing\Controller->callAction('showHome', Array)
#9 /var/www/html/vendor/laravel/framework/src/Illuminate/Routing/Route.php(189): Illuminate\Routing\ControllerDispatcher->dispatch(Object(Illuminate\Routing\Route), Object(App\Http\Controllers\HomeController), 'showHome')
#10 /var/www/html/vendor/laravel/framework/src/Illuminate/Routing/Route.php(144): Illuminate\Routing\Route->runController()
#11 /var/www/html/vendor/laravel/framework/src/Illuminate/Routing/Router.php(653): Illuminate\Routing\Route->run(Object(Illuminate\Http\Request))
#12 /var/www/html/vendor/laravel/framework/src/Illuminate/Routing/Pipeline.php(53): Illuminate\Routing\Router->Illuminate\Routing\{closure}(Object(Illuminate\Http\Request))
#13 /var/www/html/app/Http/Middleware/HttpCaching.php(20): Illuminate\Routing\Pipeline->Illuminate\Routing\{closure}(Object(Illuminate\Http\Request))
#14 /var/www/html/vendor/laravel/framework/src/Illuminate/Pipeline/Pipeline.php(137): App\Http\Middleware\HttpCaching->handle(Object(Illuminate\Http\Request), Object(Closure))
#15 /var/www/html/vendor/laravel/framework/src/Illuminate/Routing/Pipeline.php(33): Illuminate\Pipeline\Pipeline->Illuminate\Pipeline\{closure}(Object(Illuminate\Http\Request))
#16 /var/www/html/vendor/laravel/framework/src/Illuminate/Pipeline/Pipeline.php(104): Illuminate\Routing\Pipeline->Illuminate\Routing\{closure}(Object(Illuminate\Http\Request))
#17 /var/www/html/vendor/laravel/framework/src/Illuminate/Routing/Router.php(655): Illuminate\Pipeline\Pipeline->then(Object(Closure))
#18 /var/www/html/vendor/laravel/framework/src/Illuminate/Routing/Router.php(629): Illuminate\Routing\Router->runRouteWithinStack(Object(Illuminate\Routing\Route), Object(Illuminate\Http\Request))
#19 /var/www/html/vendor/laravel/framework/src/Illuminate/Routing/Router.php(607): Illuminate\Routing\Router->dispatchToRoute(Object(Illuminate\Http\Request))
#20 /var/www/html/vendor/laravel/framework/src/Illuminate/Foundation/Http/Kernel.php(268): Illuminate\Routing\Router->dispatch(Object(Illuminate\Http\Request))
#21 /var/www/html/vendor/laravel/framework/src/Illuminate/Routing/Pipeline.php(53): Illuminate\Foundation\Http\Kernel->Illuminate\Foundation\Http\{closure}(Object(Illuminate\Http\Request))
#22 /var/www/html/vendor/laravel/framework/src/Illuminate/Foundation/Http/Middleware/CheckForMaintenanceMode.php(46): Illuminate\Routing\Pipeline->Illuminate\Routing\{closure}(Object(Illuminate\Http\Request))
#23 /var/www/html/vendor/laravel/framework/src/Illuminate/Pipeline/Pipeline.php(137): Illuminate\Foundation\Http\Middleware\CheckForMaintenanceMode->handle(Object(Illuminate\Http\Request), Object(Closure))
#24 /var/www/html/vendor/laravel/framework/src/Illuminate/Routing/Pipeline.php(33): Illuminate\Pipeline\Pipeline->Illuminate\Pipeline\{closure}(Object(Illuminate\Http\Request))
#25 /var/www/html/vendor/laravel/framework/src/Illuminate/Pipeline/Pipeline.php(104): Illuminate\Routing\Pipeline->Illuminate\Routing\{closure}(Object(Illuminate\Http\Request))
#26 /var/www/html/vendor/laravel/framework/src/Illuminate/Foundation/Http/Kernel.php(150): Illuminate\Pipeline\Pipeline->then(Object(Closure))
#27 /var/www/html/vendor/laravel/framework/src/Illuminate/Foundation/Http/Kernel.php(117): Illuminate\Foundation\Http\Kernel->sendRequestThroughRouter(Object(Illuminate\Http\Request))
#28 /var/www/html/public/index.php(53): Illuminate\Foundation\Http\Kernel->handle(Object(Illuminate\Http\Request))
#29 {main}  
